<?xml version="1.0" encoding="UTF-8"?>
<!-- Generated by org.testng.reporters.JUnitReportReporter -->
<testsuite hostname="Ravi" failures="0" tests="5" name="testScripts.RegisterTest" time="13.400" errors="0" timestamp="2024-04-30T15:57:20 IST" skipped="0">
  <testcase classname="testScripts.RegisterTest" name="login" time="1.797"/>
  <testcase classname="testScripts.RegisterTest" name="payment" time="1.314"/>
  <testcase classname="testScripts.RegisterTest" name="register" time="6.835"/>
  <testcase classname="testScripts.RegisterTest" name="confirm" time="1.313"/>
  <testcase classname="testScripts.RegisterTest" name="addtocart" time="2.141"/>
</testsuite> <!-- testScripts.RegisterTest -->
