<?xml version="1.0" encoding="UTF-8"?>
<!-- Generated by org.testng.reporters.JUnitReportReporter -->
<testsuite hostname="Ravi" failures="0" tests="1" name="testScripts.WebshopTest" time="7.282" errors="0" timestamp="2024-05-02T21:29:49 IST" skipped="0">
  <testcase classname="testScripts.WebshopTest" name="register" time="7.282"/>
</testsuite> <!-- testScripts.WebshopTest -->
