<?xml version="1.0" encoding="UTF-8"?>
<!-- Generated by org.testng.reporters.JUnitReportReporter -->
<testsuite hostname="Ravi" failures="0" tests="1" name="testScripts.WebshopregisterTest" time="7.682" errors="0" timestamp="2024-05-02T21:50:33 IST" skipped="0">
  <testcase classname="testScripts.WebshopregisterTest" name="register" time="7.682"/>
</testsuite> <!-- testScripts.WebshopregisterTest -->
